SF:lib/shared/models/list_permissions.dart
DA:14,3
DA:15,3
LF:2
LH:2
end_of_record
SF:lib/shared/models/list_permissions.g.dart
DA:9,3
DA:10,3
DA:11,3
DA:12,3
DA:13,3
DA:16,3
DA:17,3
DA:18,3
DA:19,3
DA:20,3
LF:10
LH:10
end_of_record
SF:lib/shared/models/shopping_item.dart
DA:27,1
DA:28,1
DA:30,1
DA:39,1
DA:40,1
DA:41,1
DA:51,1
LF:7
LH:7
end_of_record
SF:lib/shared/models/shopping_item.g.dart
DA:9,1
DA:10,1
DA:11,1
DA:12,1
DA:13,1
DA:14,1
DA:15,1
DA:16,2
DA:17,1
DA:18,1
DA:19,1
DA:20,1
DA:22,0
DA:23,1
DA:24,2
DA:25,2
DA:26,2
DA:29,1
DA:30,1
DA:31,1
DA:32,1
DA:33,1
DA:34,1
DA:35,1
DA:36,1
DA:37,1
DA:38,1
DA:39,1
DA:40,2
DA:41,1
DA:42,2
DA:43,2
DA:44,1
LF:33
LH:32
end_of_record
SF:lib/shared/models/shopping_list.dart
DA:33,2
DA:34,2
DA:36,1
DA:42,1
DA:43,1
DA:44,1
LF:6
LH:6
end_of_record
SF:lib/shared/models/shopping_list.g.dart
DA:9,2
DA:11,2
DA:12,2
DA:13,2
DA:15,2
DA:16,4
DA:17,2
DA:19,2
DA:20,2
DA:21,2
DA:23,8
DA:25,4
DA:26,4
DA:27,4
DA:28,2
DA:29,2
DA:35,4
DA:38,2
DA:39,2
DA:40,2
DA:41,2
DA:42,2
DA:43,2
DA:44,2
DA:45,2
DA:46,2
DA:47,4
DA:48,4
DA:49,4
DA:50,2
DA:51,4
LF:31
LH:31
end_of_record
SF:lib/shared/models/user.dart
DA:27,2
DA:30,1
DA:39,1
DA:40,1
DA:55,1
DA:56,3
DA:57,1
DA:58,1
DA:59,1
DA:60,2
DA:61,3
DA:62,3
DA:63,1
DA:64,3
DA:65,1
LF:15
LH:15
end_of_record
SF:lib/shared/models/user.g.dart
DA:9,2
DA:10,1
DA:11,1
DA:12,1
DA:13,1
DA:14,1
DA:15,1
DA:16,2
DA:17,2
DA:18,1
DA:20,2
DA:21,1
DA:23,2
DA:26,2
DA:27,1
DA:28,1
DA:29,1
DA:30,1
DA:31,1
DA:32,1
DA:33,2
DA:34,2
DA:35,2
DA:36,2
LF:24
LH:24
end_of_record
SF:lib/shared/models/user_list_settings.dart
DA:18,1
DA:20,1
DA:21,1
DA:23,1
DA:29,1
DA:34,1
DA:39,4
LF:7
LH:7
end_of_record
SF:lib/shared/models/user_list_settings.g.dart
DA:9,1
DA:10,1
DA:11,1
DA:12,1
DA:13,1
DA:14,1
DA:16,2
DA:17,2
DA:18,1
DA:19,1
DA:22,1
DA:23,1
DA:24,1
DA:25,1
DA:26,1
DA:27,2
DA:28,1
DA:29,1
DA:30,1
LF:19
LH:19
end_of_record
SF:lib/shared/models/user_preferences.dart
DA:19,1
DA:20,1
LF:2
LH:2
end_of_record
SF:lib/shared/models/user_preferences.g.dart
DA:9,1
DA:10,1
DA:11,1
DA:13,1
DA:14,1
DA:15,1
DA:18,1
DA:19,1
DA:20,1
DA:21,1
DA:22,1
DA:23,1
LF:12
LH:12
end_of_record
SF:lib/core/database/sembast/sembast_service.dart
DA:6,0
DA:7,0
DA:13,1
DA:15,1
DA:20,2
DA:21,3
DA:24,1
DA:25,2
DA:26,3
DA:29,1
DA:30,2
DA:31,2
DA:32,4
DA:35,1
DA:40,2
DA:41,3
DA:44,1
DA:45,2
DA:46,3
DA:49,1
DA:53,2
DA:54,2
DA:55,4
DA:58,1
DA:59,2
DA:60,1
DA:61,4
DA:62,4
DA:66,1
DA:70,2
DA:71,1
DA:72,4
DA:73,4
DA:77,1
DA:78,2
DA:79,1
DA:80,4
DA:81,1
LF:38
LH:36
end_of_record
SF:lib/shared/providers/database/database_provider.dart
DA:5,0
DA:6,0
LF:2
LH:0
end_of_record
SF:lib/features/shopping_list/data/repositories/local_shopping_list_repository.dart
DA:7,0
DA:8,0
DA:9,0
DA:17,1
DA:20,1
DA:23,2
DA:24,1
DA:26,2
DA:30,1
DA:33,2
DA:34,4
DA:36,2
DA:40,1
DA:43,2
DA:45,1
DA:46,1
DA:49,2
DA:53,1
DA:56,3
DA:57,2
DA:59,1
DA:60,1
DA:63,2
DA:67,1
DA:70,2
DA:72,2
DA:76,1
DA:79,1
DA:80,2
DA:81,1
DA:82,2
DA:84,2
DA:87,2
DA:88,4
DA:90,2
DA:94,1
DA:97,1
DA:99,1
DA:102,2
DA:106,2
DA:107,3
DA:108,1
DA:109,1
DA:112,1
DA:114,2
DA:118,1
DA:121,1
DA:123,1
DA:126,1
DA:127,3
DA:128,1
DA:130,2
DA:132,1
DA:133,1
DA:136,1
DA:138,2
DA:142,1
DA:145,1
DA:147,1
DA:150,2
DA:152,1
DA:153,1
DA:156,1
DA:158,2
DA:162,1
DA:165,3
DA:167,1
DA:168,1
DA:169,1
DA:170,1
DA:171,4
DA:174,2
DA:178,1
DA:181,1
DA:182,1
DA:183,3
DA:185,2
DA:189,1
DA:192,1
DA:193,2
DA:194,1
DA:195,2
DA:197,2
DA:200,1
DA:201,1
DA:202,1
DA:203,1
DA:204,4
DA:207,2
LF:89
LH:86
end_of_record
SF:lib/app/theme/app_theme.dart
DA:7,2
DA:13,2
DA:19,1
DA:24,1
DA:29,1
DA:34,1
DA:35,1
DA:36,1
DA:37,1
DA:38,1
DA:39,1
DA:44,1
DA:49,1
DA:50,1
DA:51,1
DA:52,1
DA:53,1
LF:17
LH:17
end_of_record
SF:lib/app/theme/colors.dart
DA:5,3
DA:61,1
DA:90,1
DA:91,1
DA:92,1
DA:93,1
DA:94,1
DA:95,1
DA:96,1
DA:97,1
DA:98,1
DA:99,1
DA:100,1
DA:101,1
DA:102,1
DA:103,1
DA:104,1
DA:105,1
DA:106,1
DA:107,1
DA:108,1
DA:109,1
DA:110,1
DA:111,1
DA:112,1
DA:113,1
DA:114,1
DA:115,1
DA:116,1
DA:120,1
DA:123,1
DA:124,3
DA:125,3
DA:126,3
DA:127,3
DA:128,3
DA:129,3
DA:130,3
DA:131,3
DA:132,3
DA:133,3
DA:134,3
DA:135,3
DA:136,3
DA:137,3
DA:138,3
DA:139,3
DA:140,3
DA:141,1
DA:142,1
DA:143,1
DA:146,3
DA:147,3
DA:148,3
DA:149,1
DA:150,1
DA:151,1
DA:154,3
DA:155,3
DA:156,3
DA:157,3
LF:61
LH:61
end_of_record
SF:lib/app/theme/typography.dart
DA:3,3
DA:7,3
DA:8,6
DA:9,3
DA:21,3
DA:22,3
DA:26,3
DA:30,3
DA:34,3
DA:38,3
DA:42,3
DA:46,3
DA:50,3
DA:54,3
DA:58,3
DA:62,3
DA:66,3
DA:70,3
DA:74,3
DA:78,3
LF:20
LH:20
end_of_record
SF:lib/app/theme/components/app_bar_theme.dart
DA:3,2
DA:4,2
DA:5,2
DA:6,2
DA:10,4
DA:11,2
LF:6
LH:6
end_of_record
SF:lib/app/theme/components/card_theme_data.dart
DA:4,2
DA:5,2
DA:6,2
DA:9,2
DA:11,4
LF:5
LH:5
end_of_record
SF:lib/app/theme/components/chip_theme.dart
DA:4,2
DA:9,2
DA:10,2
DA:11,2
DA:12,4
DA:13,6
DA:14,4
DA:15,2
LF:8
LH:8
end_of_record
SF:lib/app/theme/components/divider_theme.dart
DA:4,2
DA:5,4
LF:2
LH:2
end_of_record
SF:lib/app/theme/components/elevated_button_theme.dart
DA:3,2
DA:7,2
DA:8,2
DA:9,2
DA:10,2
DA:11,2
LF:6
LH:6
end_of_record
SF:lib/app/theme/components/icon_theme.dart
DA:3,2
DA:4,4
LF:2
LH:2
end_of_record
SF:lib/app/theme/components/input_decoration_theme.dart
DA:4,2
DA:9,2
DA:11,2
DA:12,2
DA:14,4
DA:16,2
DA:18,4
DA:20,2
DA:22,4
DA:24,4
DA:25,2
DA:27,4
DA:28,4
LF:13
LH:13
end_of_record
SF:lib/app/theme/components/navigation_rail_theme.dart
DA:4,2
DA:8,2
DA:9,2
DA:10,4
DA:11,4
DA:12,4
DA:13,2
DA:15,4
DA:16,2
DA:18,2
LF:10
LH:10
end_of_record
SF:lib/app/theme/components/outlined_button_theme.dart
DA:4,2
DA:9,2
DA:10,2
DA:11,2
DA:12,2
DA:13,4
LF:6
LH:6
end_of_record
SF:lib/app/theme/components/switch_theme.dart
DA:4,2
DA:5,2
DA:6,3
DA:7,1
DA:8,1
DA:10,1
DA:12,3
DA:13,1
DA:14,1
DA:16,1
LF:10
LH:10
end_of_record
